# JRE version: OpenJDK Runtime Environment Temurin-21.0.9+10 (21.0.9+10) (build 21.0.9+10-LTS)
# Java VM: OpenJDK 64-Bit Server VM Temurin-21.0.9+10 (21.0.9+10-LTS, mixed mode, sharing, tiered, compressed oops, compressed class ptrs, parallel gc, linux-amd64)
GC Precious Log:
 CardTable entry size: 512
 CPUs: 18 total, 18 available
 Memory: 125G
 Large Page Support: Disabled
 NUMA Support: Disabled
 Compressed Oops: Enabled (Zero based)
 Alignments: Space 512K, Generation 512K, Heap 2M
 Heap Min Capacity: 1G
 Heap Initial Capacity: 1G
 Heap Max Capacity: 6G
 Pre-touch: Disabled
 Parallel Workers: 14
Heap:
 PSYoungGen      total 1946112K, used 1518585K [0x0000000780000000, 0x0000000800000000, 0x0000000800000000)
  eden space 1790976K, 80% used [0x0000000780000000,0x00000007d85e86d0,0x00000007ed500000)
  from space 155136K, 45% used [0x00000007f6880000,0x00000007fad960e0,0x0000000800000000)
  to   space 151040K, 0% used [0x00000007ed500000,0x00000007ed500000,0x00000007f6880000)
 ParOldGen       total 699392K, used 596521K [0x0000000680000000, 0x00000006aab00000, 0x0000000780000000)
  object space 699392K, 85% used [0x0000000680000000,0x00000006a468a690,0x00000006aab00000)
 Metaspace       used 205523K, committed 208768K, reserved 1048576K
  class space    used 27090K, committed 28672K, reserved 851968K
GC Heap History (20 events):
Event: 113.834 GC heap before
{Heap before GC invocations=15 (full 5):
 PSYoungGen      total 1117184K, used 1005568K [0x0000000780000000, 0x0000000800000000, 0x0000000800000000)
  eden space 1005568K, 100% used [0x0000000780000000,0x00000007bd600000,0x00000007bd600000)
  from space 111616K, 0% used [0x00000007bd600000,0x00000007bd600000,0x00000007c4300000)
  to   space 125952K, 0% used [0x00000007f8500000,0x00000007f8500000,0x0000000800000000)
 ParOldGen       total 699392K, used 301718K [0x0000000680000000, 0x00000006aab00000, 0x0000000780000000)
  object space 699392K, 43% used [0x0000000680000000,0x00000006926a5a18,0x00000006aab00000)
 Metaspace       used 137262K, committed 140288K, reserved 983040K
  class space    used 19162K, committed 20608K, reserved 851968K
}
Event: 114.541 GC heap after
{Heap after GC invocations=15 (full 5):
 PSYoungGen      total 1625600K, used 16209K [0x0000000780000000, 0x00000007f9500000, 0x0000000800000000)
  eden space 1609216K, 0% used [0x0000000780000000,0x0000000780000000,0x00000007e2380000)
  from space 16384K, 98% used [0x00000007f8500000,0x00000007f94d44e0,0x00000007f9500000)
  to   space 124416K, 0% used [0x00000007ea200000,0x00000007ea200000,0x00000007f1b80000)
 ParOldGen       total 699392K, used 301726K [0x0000000680000000, 0x00000006aab00000, 0x0000000780000000)
  object space 699392K, 43% used [0x0000000680000000,0x00000006926a7a18,0x00000006aab00000)
 Metaspace       used 137262K, committed 140288K, reserved 983040K
  class space    used 19162K, committed 20608K, reserved 851968K
}
Event: 144.986 GC heap before
{Heap before GC invocations=16 (full 5):
 PSYoungGen      total 1625600K, used 1625425K [0x0000000780000000, 0x00000007f9500000, 0x0000000800000000)
  eden space 1609216K, 100% used [0x0000000780000000,0x00000007e2380000,0x00000007e2380000)
  from space 16384K, 98% used [0x00000007f8500000,0x00000007f94d44e0,0x00000007f9500000)
  to   space 124416K, 0% used [0x00000007ea200000,0x00000007ea200000,0x00000007f1b80000)
 ParOldGen       total 699392K, used 301726K [0x0000000680000000, 0x00000006aab00000, 0x0000000780000000)
  object space 699392K, 43% used [0x0000000680000000,0x00000006926a7a18,0x00000006aab00000)
 Metaspace       used 142486K, committed 145536K, reserved 983040K
  class space    used 19723K, committed 21184K, reserved 851968K
}
Event: 146.193 GC heap after
{Heap after GC invocations=16 (full 5):
 PSYoungGen      total 1863168K, used 113012K [0x0000000780000000, 0x0000000800000000, 0x0000000800000000)
  eden space 1738752K, 0% used [0x0000000780000000,0x0000000780000000,0x00000007ea200000)
  from space 124416K, 90% used [0x00000007ea200000,0x00000007f105d390,0x00000007f1b80000)
  to   space 140800K, 0% used [0x00000007f7680000,0x00000007f7680000,0x0000000800000000)
 ParOldGen       total 699392K, used 312487K [0x0000000680000000, 0x00000006aab00000, 0x0000000780000000)
  object space 699392K, 44% used [0x0000000680000000,0x0000000693129f60,0x00000006aab00000)
 Metaspace       used 142486K, committed 145536K, reserved 983040K
  class space    used 19723K, committed 21184K, reserved 851968K
}
Event: 177.352 GC heap before
{Heap before GC invocations=17 (full 5):
 PSYoungGen      total 1863168K, used 945688K [0x0000000780000000, 0x0000000800000000, 0x0000000800000000)
  eden space 1738752K, 47% used [0x0000000780000000,0x00000007b2d28cf8,0x00000007ea200000)
  from space 124416K, 90% used [0x00000007ea200000,0x00000007f105d390,0x00000007f1b80000)
  to   space 140800K, 0% used [0x00000007f7680000,0x00000007f7680000,0x0000000800000000)
 ParOldGen       total 699392K, used 312487K [0x0000000680000000, 0x00000006aab00000, 0x0000000780000000)
  object space 699392K, 44% used [0x0000000680000000,0x0000000693129f60,0x00000006aab00000)
 Metaspace       used 167705K, committed 170944K, reserved 1048576K
  class space    used 23262K, committed 24832K, reserved 851968K
}
Event: 177.958 GC heap after
{Heap after GC invocations=17 (full 5):
 PSYoungGen      total 1960960K, used 31607K [0x0000000780000000, 0x0000000800000000, 0x0000000800000000)
  eden space 1820160K, 0% used [0x0000000780000000,0x0000000780000000,0x00000007ef180000)
  from space 140800K, 22% used [0x00000007f7680000,0x00000007f955dfe0,0x0000000800000000)
  to   space 136192K, 0% used [0x00000007ef180000,0x00000007ef180000,0x00000007f7680000)
 ParOldGen       total 699392K, used 403325K [0x0000000680000000, 0x00000006aab00000, 0x0000000780000000)
  object space 699392K, 57% used [0x0000000680000000,0x00000006989df798,0x00000006aab00000)
 Metaspace       used 167705K, committed 170944K, reserved 1048576K
  class space    used 23262K, committed 24832K, reserved 851968K
}
Event: 177.959 GC heap before
{Heap before GC invocations=18 (full 6):
 PSYoungGen      total 1960960K, used 31607K [0x0000000780000000, 0x0000000800000000, 0x0000000800000000)
  eden space 1820160K, 0% used [0x0000000780000000,0x0000000780000000,0x00000007ef180000)
  from space 140800K, 22% used [0x00000007f7680000,0x00000007f955dfe0,0x0000000800000000)
  to   space 136192K, 0% used [0x00000007ef180000,0x00000007ef180000,0x00000007f7680000)
 ParOldGen       total 699392K, used 403325K [0x0000000680000000, 0x00000006aab00000, 0x0000000780000000)
  object space 699392K, 57% used [0x0000000680000000,0x00000006989df798,0x00000006aab00000)
 Metaspace       used 167705K, committed 170944K, reserved 1048576K
  class space    used 23262K, committed 24832K, reserved 851968K
}
Event: 182.870 GC heap after
{Heap after GC invocations=18 (full 6):
 PSYoungGen      total 1960960K, used 0K [0x0000000780000000, 0x0000000800000000, 0x0000000800000000)
  eden space 1820160K, 0% used [0x0000000780000000,0x0000000780000000,0x00000007ef180000)
  from space 140800K, 0% used [0x00000007f7680000,0x00000007f7680000,0x0000000800000000)
  to   space 136192K, 0% used [0x00000007ef180000,0x00000007ef180000,0x00000007f7680000)
 ParOldGen       total 699392K, used 420886K [0x0000000680000000, 0x00000006aab00000, 0x0000000780000000)
  object space 699392K, 60% used [0x0000000680000000,0x0000000699b05ba8,0x00000006aab00000)
 Metaspace       used 167662K, committed 170944K, reserved 1048576K
  class space    used 23255K, committed 24832K, reserved 851968K
}
Event: 399.103 GC heap before
{Heap before GC invocations=19 (full 6):
 PSYoungGen      total 1960960K, used 1739333K [0x0000000780000000, 0x0000000800000000, 0x0000000800000000)
  eden space 1820160K, 95% used [0x0000000780000000,0x00000007ea291790,0x00000007ef180000)
  from space 140800K, 0% used [0x00000007f7680000,0x00000007f7680000,0x0000000800000000)
  to   space 136192K, 0% used [0x00000007ef180000,0x00000007ef180000,0x00000007f7680000)
 ParOldGen       total 699392K, used 420886K [0x0000000680000000, 0x00000006aab00000, 0x0000000780000000)
  object space 699392K, 60% used [0x0000000680000000,0x0000000699b05ba8,0x00000006aab00000)
 Metaspace       used 189892K, committed 193216K, reserved 1048576K
  class space    used 25352K, committed 26944K, reserved 851968K
}
Event: 399.747 GC heap after
{Heap after GC invocations=19 (full 6):
 PSYoungGen      total 1956352K, used 136181K [0x0000000780000000, 0x0000000800000000, 0x0000000800000000)
  eden space 1820160K, 0% used [0x0000000780000000,0x0000000780000000,0x00000007ef180000)
  from space 136192K, 99% used [0x00000007ef180000,0x00000007f767d500,0x00000007f7680000)
  to   space 140800K, 0% used [0x00000007f7680000,0x00000007f7680000,0x0000000800000000)
 ParOldGen       total 699392K, used 428282K [0x0000000680000000, 0x00000006aab00000, 0x0000000780000000)
  object space 699392K, 61% used [0x0000000680000000,0x000000069a23ebf0,0x00000006aab00000)
 Metaspace       used 189892K, committed 193216K, reserved 1048576K
  class space    used 25352K, committed 26944K, reserved 851968K
}
Event: 399.747 GC heap before
{Heap before GC invocations=20 (full 7):
 PSYoungGen      total 1956352K, used 136181K [0x0000000780000000, 0x0000000800000000, 0x0000000800000000)
  eden space 1820160K, 0% used [0x0000000780000000,0x0000000780000000,0x00000007ef180000)
  from space 136192K, 99% used [0x00000007ef180000,0x00000007f767d500,0x00000007f7680000)
  to   space 140800K, 0% used [0x00000007f7680000,0x00000007f7680000,0x0000000800000000)
 ParOldGen       total 699392K, used 428282K [0x0000000680000000, 0x00000006aab00000, 0x0000000780000000)
  object space 699392K, 61% used [0x0000000680000000,0x000000069a23ebf0,0x00000006aab00000)
 Metaspace       used 189892K, committed 193216K, reserved 1048576K
  class space    used 25352K, committed 26944K, reserved 851968K
}
Event: 401.711 GC heap after
{Heap after GC invocations=20 (full 7):
 PSYoungGen      total 1956352K, used 0K [0x0000000780000000, 0x0000000800000000, 0x0000000800000000)
  eden space 1820160K, 0% used [0x0000000780000000,0x0000000780000000,0x00000007ef180000)
  from space 136192K, 0% used [0x00000007ef180000,0x00000007ef180000,0x00000007f7680000)
  to   space 140800K, 0% used [0x00000007f7680000,0x00000007f7680000,0x0000000800000000)
 ParOldGen       total 699392K, used 552374K [0x0000000680000000, 0x00000006aab00000, 0x0000000780000000)
  object space 699392K, 78% used [0x0000000680000000,0x00000006a1b6d860,0x00000006aab00000)
 Metaspace       used 189892K, committed 193216K, reserved 1048576K
  class space    used 25352K, committed 26944K, reserved 851968K
}
Event: 441.297 GC heap before
{Heap before GC invocations=21 (full 7):
 PSYoungGen      total 1956352K, used 1820160K [0x0000000780000000, 0x0000000800000000, 0x0000000800000000)
  eden space 1820160K, 100% used [0x0000000780000000,0x00000007ef180000,0x00000007ef180000)
  from space 136192K, 0% used [0x00000007ef180000,0x00000007ef180000,0x00000007f7680000)
  to   space 140800K, 0% used [0x00000007f7680000,0x00000007f7680000,0x0000000800000000)
 ParOldGen       total 699392K, used 552374K [0x0000000680000000, 0x00000006aab00000, 0x0000000780000000)
  object space 699392K, 78% used [0x0000000680000000,0x00000006a1b6d860,0x00000006aab00000)
 Metaspace       used 202019K, committed 205312K, reserved 1048576K
  class space    used 26622K, committed 28224K, reserved 851968K
}
Event: 441.554 GC heap after
{Heap after GC invocations=21 (full 7):
 PSYoungGen      total 1928704K, used 44224K [0x0000000780000000, 0x0000000800000000, 0x0000000800000000)
  eden space 1787904K, 0% used [0x0000000780000000,0x0000000780000000,0x00000007ed200000)
  from space 140800K, 31% used [0x00000007f7680000,0x00000007fa1b0040,0x0000000800000000)
  to   space 154624K, 0% used [0x00000007ed200000,0x00000007ed200000,0x00000007f6900000)
 ParOldGen       total 699392K, used 552390K [0x0000000680000000, 0x00000006aab00000, 0x0000000780000000)
  object space 699392K, 78% used [0x0000000680000000,0x00000006a1b71860,0x00000006aab00000)
 Metaspace       used 202019K, committed 205312K, reserved 1048576K
  class space    used 26622K, committed 28224K, reserved 851968K
}
Event: 441.877 GC heap before
{Heap before GC invocations=22 (full 7):
 PSYoungGen      total 1928704K, used 64818K [0x0000000780000000, 0x0000000800000000, 0x0000000800000000)
  eden space 1787904K, 1% used [0x0000000780000000,0x000000078141c928,0x00000007ed200000)
  from space 140800K, 31% used [0x00000007f7680000,0x00000007fa1b0040,0x0000000800000000)
  to   space 154624K, 0% used [0x00000007ed200000,0x00000007ed200000,0x00000007f6900000)
 ParOldGen       total 699392K, used 552390K [0x0000000680000000, 0x00000006aab00000, 0x0000000780000000)
  object space 699392K, 78% used [0x0000000680000000,0x00000006a1b71860,0x00000006aab00000)
 Metaspace       used 202760K, committed 206016K, reserved 1048576K
  class space    used 26707K, committed 28288K, reserved 851968K
}
Event: 442.021 GC heap after
{Heap after GC invocations=22 (full 7):
 PSYoungGen      total 1789440K, used 1280K [0x0000000780000000, 0x0000000800000000, 0x0000000800000000)
  eden space 1787904K, 0% used [0x0000000780000000,0x0000000780000000,0x00000007ed200000)
  from space 1536K, 83% used [0x00000007ed200000,0x00000007ed340000,0x00000007ed380000)
  to   space 155136K, 0% used [0x00000007f6880000,0x00000007f6880000,0x0000000800000000)
 ParOldGen       total 699392K, used 596585K [0x0000000680000000, 0x00000006aab00000, 0x0000000780000000)
  object space 699392K, 85% used [0x0000000680000000,0x00000006a469a520,0x00000006aab00000)
 Metaspace       used 202760K, committed 206016K, reserved 1048576K
  class space    used 26707K, committed 28288K, reserved 851968K
}
Event: 442.021 GC heap before
{Heap before GC invocations=23 (full 8):
 PSYoungGen      total 1789440K, used 1280K [0x0000000780000000, 0x0000000800000000, 0x0000000800000000)
  eden space 1787904K, 0% used [0x0000000780000000,0x0000000780000000,0x00000007ed200000)
  from space 1536K, 83% used [0x00000007ed200000,0x00000007ed340000,0x00000007ed380000)
  to   space 155136K, 0% used [0x00000007f6880000,0x00000007f6880000,0x0000000800000000)
 ParOldGen       total 699392K, used 596585K [0x0000000680000000, 0x00000006aab00000, 0x0000000780000000)
  object space 699392K, 85% used [0x0000000680000000,0x00000006a469a520,0x00000006aab00000)
 Metaspace       used 202760K, committed 206016K, reserved 1048576K
  class space    used 26707K, committed 28288K, reserved 851968K
}
Event: 445.217 GC heap after
{Heap after GC invocations=23 (full 8):
 PSYoungGen      total 1789440K, used 0K [0x0000000780000000, 0x0000000800000000, 0x0000000800000000)
  eden space 1787904K, 0% used [0x0000000780000000,0x0000000780000000,0x00000007ed200000)
  from space 1536K, 0% used [0x00000007ed200000,0x00000007ed200000,0x00000007ed380000)
  to   space 155136K, 0% used [0x00000007f6880000,0x00000007f6880000,0x0000000800000000)
 ParOldGen       total 699392K, used 596513K [0x0000000680000000, 0x00000006aab00000, 0x0000000780000000)
  object space 699392K, 85% used [0x0000000680000000,0x00000006a4688690,0x00000006aab00000)
 Metaspace       used 202760K, committed 206016K, reserved 1048576K
  class space    used 26707K, committed 28288K, reserved 851968K
}
Event: 463.693 GC heap before
{Heap before GC invocations=24 (full 8):
 PSYoungGen      total 1789440K, used 1787904K [0x0000000780000000, 0x0000000800000000, 0x0000000800000000)
  eden space 1787904K, 100% used [0x0000000780000000,0x00000007ed200000,0x00000007ed200000)
  from space 1536K, 0% used [0x00000007ed200000,0x00000007ed200000,0x00000007ed380000)
  to   space 155136K, 0% used [0x00000007f6880000,0x00000007f6880000,0x0000000800000000)
 ParOldGen       total 699392K, used 596513K [0x0000000680000000, 0x00000006aab00000, 0x0000000780000000)
  object space 699392K, 85% used [0x0000000680000000,0x00000006a4688690,0x00000006aab00000)
 Metaspace       used 205332K, committed 208640K, reserved 1048576K
  class space    used 27077K, committed 28672K, reserved 851968K
}
Event: 464.258 GC heap after
{Heap after GC invocations=24 (full 8):
 PSYoungGen      total 1946112K, used 70744K [0x0000000780000000, 0x0000000800000000, 0x0000000800000000)
  eden space 1790976K, 0% used [0x0000000780000000,0x0000000780000000,0x00000007ed500000)
  from space 155136K, 45% used [0x00000007f6880000,0x00000007fad960e0,0x0000000800000000)
  to   space 151040K, 0% used [0x00000007ed500000,0x00000007ed500000,0x00000007f6880000)
 ParOldGen       total 699392K, used 596521K [0x0000000680000000, 0x00000006aab00000, 0x0000000780000000)
  object space 699392K, 85% used [0x0000000680000000,0x00000006a468a690,0x00000006aab00000)
 Metaspace       used 205332K, committed 208640K, reserved 1048576K
  class space    used 27077K, committed 28672K, reserved 851968K
}

